%!Adobe-FontList 1.22
%Locale:0x419

%BeginFont
Handler:DirectoryHandler
FontType:TrueType
FontName:Jura-Light
FamilyName:Jura
StyleName:Light
FullName:Jura Light
MenuName:Jura Light
FamilyPrefix:Jura
StyleBits:0
WritingScript:Roman
OutlineFileName:F:\Учеба\производественная практика 3 курс\риэлтерская компания\Font\Jura\Jura-VariableFont_wght.ttf
DataFormat:sfntData
hasSVG:no
VariableFontType:TrueTypeVariableFont
FileLength:256680
FileModTime:1666606974
WeightClass:300
WidthClass:5
AngleClass:0
NameArray:0,Win,1,Jura Light
NameArray:0,Win,16,Jura
%EndFont

%BeginFont
Handler:DirectoryHandler
FontType:Invalid
OutlineFileName:F:\Учеба\производественная практика 3 курс\риэлтерская компания\Font\Jura\OFL.txt
FileModTime:1666606973
%EndFont

%BeginFont
Handler:DirectoryHandler
FontType:Invalid
OutlineFileName:F:\Учеба\производественная практика 3 курс\риэлтерская компания\Font\Jura\README.txt
FileModTime:1666606974
%EndFont

%BeginFont
Handler:DirectoryHandler
FontType:TrueType
FontName:Jura-Bold
FamilyName:Jura
StyleName:Bold
FullName:Jura Bold
MenuName:Jura
StyleBits:2
WritingScript:Roman
OutlineFileName:F:\Учеба\производественная практика 3 курс\риэлтерская компания\Font\Jura\static\Jura-Bold.ttf
DataFormat:sfntData
hasSVG:no
VariableFontType:NonVariableFont
FileLength:154036
FileModTime:1666606974
WeightClass:700
WidthClass:5
AngleClass:0
NameArray:0,Win,1,Jura
%EndFont

%BeginFont
Handler:DirectoryHandler
FontType:TrueType
FontName:Jura-Light
FamilyName:Jura
StyleName:Light
FullName:Jura Light
MenuName:Jura Light
StyleBits:0
WritingScript:Roman
OutlineFileName:F:\Учеба\производественная практика 3 курс\риэлтерская компания\Font\Jura\static\Jura-Light.ttf
DataFormat:sfntData
hasSVG:no
VariableFontType:NonVariableFont
FileLength:154152
FileModTime:1666606974
WeightClass:300
WidthClass:5
AngleClass:0
NameArray:0,Win,1,Jura Light
NameArray:0,Win,16,Jura
%EndFont

%BeginFont
Handler:DirectoryHandler
FontType:TrueType
FontName:Jura-Medium
FamilyName:Jura
StyleName:Medium
FullName:Jura Medium
MenuName:Jura Medium
StyleBits:0
WritingScript:Roman
OutlineFileName:F:\Учеба\производественная практика 3 курс\риэлтерская компания\Font\Jura\static\Jura-Medium.ttf
DataFormat:sfntData
hasSVG:no
VariableFontType:NonVariableFont
FileLength:154332
FileModTime:1666606974
WeightClass:500
WidthClass:5
AngleClass:0
NameArray:0,Win,1,Jura Medium
NameArray:0,Win,16,Jura
%EndFont

%BeginFont
Handler:DirectoryHandler
FontType:TrueType
FontName:Jura-Regular
FamilyName:Jura
StyleName:Regular
FullName:Jura Regular
MenuName:Jura
StyleBits:0
WritingScript:Roman
OutlineFileName:F:\Учеба\производественная практика 3 курс\риэлтерская компания\Font\Jura\static\Jura-Regular.ttf
DataFormat:sfntData
hasSVG:no
VariableFontType:NonVariableFont
FileLength:154416
FileModTime:1666606974
WeightClass:400
WidthClass:5
AngleClass:0
NameArray:0,Win,1,Jura
%EndFont

%BeginFont
Handler:DirectoryHandler
FontType:TrueType
FontName:Jura-SemiBold
FamilyName:Jura
StyleName:SemiBold
FullName:Jura SemiBold
MenuName:Jura SemiBold
StyleBits:0
WritingScript:Roman
OutlineFileName:F:\Учеба\производественная практика 3 курс\риэлтерская компания\Font\Jura\static\Jura-SemiBold.ttf
DataFormat:sfntData
hasSVG:no
VariableFontType:NonVariableFont
FileLength:154344
FileModTime:1666606974
WeightClass:600
WidthClass:5
AngleClass:0
NameArray:0,Win,1,Jura SemiBold
NameArray:0,Win,16,Jura
%EndFont

